<?xml version="1.0" encoding="UTF-8"?>
<testng-results ignored="0" total="1" passed="1" failed="0" skipped="0">
  <reporter-output>
    <line>
      <![CDATA[Title matched.]]>
    </line>
  </reporter-output>
  <suite started-at="2023-04-11T04:17:40 IST" name="Default suite" finished-at="2023-04-11T04:17:43 IST" duration-ms="3191">
    <groups>
    </groups>
    <test started-at="2023-04-11T04:17:40 IST" name="Default test" finished-at="2023-04-11T04:17:43 IST" duration-ms="3191">
      <class name="scripts.OpeningLoginpage">
        <test-method is-config="true" signature="openApplication()[pri:0, instance:scripts.OpeningLoginpage@55536d9e]" started-at="2023-04-11T04:17:40 IST" name="openApplication" finished-at="2023-04-11T04:17:43 IST" duration-ms="2453" status="PASS">
          <reporter-output>
          </reporter-output>
        </test-method> <!-- openApplication -->
        <test-method signature="openloginpage()[pri:0, instance:scripts.OpeningLoginpage@55536d9e]" started-at="2023-04-11T04:17:43 IST" name="openloginpage" finished-at="2023-04-11T04:17:43 IST" duration-ms="346" status="PASS">
          <reporter-output>
            <line>
              <![CDATA[Title matched.]]>
            </line>
          </reporter-output>
        </test-method> <!-- openloginpage -->
        <test-method is-config="true" signature="closeapplication()[pri:0, instance:scripts.OpeningLoginpage@55536d9e]" started-at="2023-04-11T04:17:43 IST" name="closeapplication" finished-at="2023-04-11T04:17:43 IST" duration-ms="337" status="PASS">
          <reporter-output>
          </reporter-output>
        </test-method> <!-- closeapplication -->
      </class> <!-- scripts.OpeningLoginpage -->
    </test> <!-- Default test -->
  </suite> <!-- Default suite -->
</testng-results>
